01:24:37,867 DEBUG  - inside testAddtionwithCorrectValue
01:24:37,929  INFO  - Refreshing org.springframework.context.support.ClassPathXmlApplicationContext@b60b93: display name [org.springframework.context.support.ClassPathXmlApplicationContext@b60b93]; startup date [Wed Aug 06 01:24:37 IST 2014]; root of context hierarchy
01:24:38,020  INFO  - Loading XML bean definitions from class path resource [SpringBeans.xml]
01:24:38,026 DEBUG  - Using JAXP provider [com.sun.org.apache.xerces.internal.jaxp.DocumentBuilderFactoryImpl]
01:24:38,058 DEBUG  - Loading schema mappings from [META-INF/spring.schemas]
01:24:38,060 DEBUG  - Loaded schema mappings: {http://www.springframework.org/schema/lang/spring-lang-2.5.xsd=org/springframework/scripting/config/spring-lang-2.5.xsd, http://www.springframework.org/schema/lang/spring-lang.xsd=org/springframework/scripting/config/spring-lang-2.5.xsd, http://www.springframework.org/schema/context/spring-context-2.5.xsd=org/springframework/context/config/spring-context-2.5.xsd, http://www.springframework.org/schema/jms/spring-jms-2.5.xsd=org/springframework/jms/config/spring-jms-2.5.xsd, http://www.springframework.org/schema/context/spring-context.xsd=org/springframework/context/config/spring-context-2.5.xsd, http://www.springframework.org/schema/aop/spring-aop.xsd=org/springframework/aop/config/spring-aop-2.5.xsd, http://www.springframework.org/schema/util/spring-util-2.0.xsd=org/springframework/beans/factory/xml/spring-util-2.0.xsd, http://www.springframework.org/schema/util/spring-util-2.5.xsd=org/springframework/beans/factory/xml/spring-util-2.5.xsd, http://www.springframework.org/schema/tool/spring-tool-2.0.xsd=org/springframework/beans/factory/xml/spring-tool-2.0.xsd, http://www.springframework.org/schema/tx/spring-tx-2.0.xsd=org/springframework/transaction/config/spring-tx-2.0.xsd, http://www.springframework.org/schema/tool/spring-tool-2.5.xsd=org/springframework/beans/factory/xml/spring-tool-2.5.xsd, http://www.springframework.org/schema/tx/spring-tx-2.5.xsd=org/springframework/transaction/config/spring-tx-2.5.xsd, http://www.springframework.org/schema/beans/spring-beans-2.0.xsd=org/springframework/beans/factory/xml/spring-beans-2.0.xsd, http://www.springframework.org/schema/jms/spring-jms.xsd=org/springframework/jms/config/spring-jms-2.5.xsd, http://www.springframework.org/schema/beans/spring-beans-2.5.xsd=org/springframework/beans/factory/xml/spring-beans-2.5.xsd, http://www.springframework.org/schema/beans/spring-beans.xsd=org/springframework/beans/factory/xml/spring-beans-2.5.xsd, http://www.springframework.org/schema/jee/spring-jee.xsd=org/springframework/ejb/config/spring-jee-2.5.xsd, http://www.springframework.org/schema/tool/spring-tool.xsd=org/springframework/beans/factory/xml/spring-tool-2.5.xsd, http://www.springframework.org/schema/tx/spring-tx.xsd=org/springframework/transaction/config/spring-tx-2.5.xsd, http://www.springframework.org/schema/jee/spring-jee-2.0.xsd=org/springframework/ejb/config/spring-jee-2.0.xsd, http://www.springframework.org/schema/aop/spring-aop-2.0.xsd=org/springframework/aop/config/spring-aop-2.0.xsd, http://www.springframework.org/schema/aop/spring-aop-2.5.xsd=org/springframework/aop/config/spring-aop-2.5.xsd, http://www.springframework.org/schema/jee/spring-jee-2.5.xsd=org/springframework/ejb/config/spring-jee-2.5.xsd, http://www.springframework.org/schema/lang/spring-lang-2.0.xsd=org/springframework/scripting/config/spring-lang-2.0.xsd, http://www.springframework.org/schema/util/spring-util.xsd=org/springframework/beans/factory/xml/spring-util-2.5.xsd}
01:24:38,061 DEBUG  - Found XML schema [http://www.springframework.org/schema/beans/spring-beans-2.5.xsd] in classpath: org/springframework/beans/factory/xml/spring-beans-2.5.xsd
01:24:38,138 DEBUG  - Loading bean definitions
01:24:38,172 DEBUG  - Loaded 2 bean definitions from location pattern [SpringBeans.xml]
01:24:38,172  INFO  - Bean factory for application context [org.springframework.context.support.ClassPathXmlApplicationContext@b60b93]: org.springframework.beans.factory.support.DefaultListableBeanFactory@1697b67
01:24:38,173 DEBUG  - 2 beans defined in org.springframework.context.support.ClassPathXmlApplicationContext@b60b93: display name [org.springframework.context.support.ClassPathXmlApplicationContext@b60b93]; startup date [Wed Aug 06 01:24:37 IST 2014]; root of context hierarchy
01:24:38,188 DEBUG  - Unable to locate MessageSource with name 'messageSource': using default [org.springframework.context.support.DelegatingMessageSource@1124746]
01:24:38,191 DEBUG  - Unable to locate ApplicationEventMulticaster with name 'applicationEventMulticaster': using default [org.springframework.context.event.SimpleApplicationEventMulticaster@7e8c4d]
01:24:38,192  INFO  - Pre-instantiating singletons in org.springframework.beans.factory.support.DefaultListableBeanFactory@1697b67: defining beans [CalculationServiceConsumer,RPNEvaluator]; root of factory hierarchy
01:24:38,193 DEBUG  - Creating shared instance of singleton bean 'CalculationServiceConsumer'
01:24:38,195 DEBUG  - Creating instance of bean 'CalculationServiceConsumer'
01:24:38,224 DEBUG  - Eagerly caching bean 'CalculationServiceConsumer' to allow for resolving potential circular references
01:24:38,226 DEBUG  - Creating shared instance of singleton bean 'RPNEvaluator'
01:24:38,226 DEBUG  - Creating instance of bean 'RPNEvaluator'
01:24:38,227 DEBUG  - Eagerly caching bean 'RPNEvaluator' to allow for resolving potential circular references
01:24:38,227 DEBUG  - Finished creating instance of bean 'RPNEvaluator'
01:24:38,236 DEBUG  - Finished creating instance of bean 'CalculationServiceConsumer'
01:24:38,236 DEBUG  - Returning cached instance of singleton bean 'RPNEvaluator'
01:24:38,237 DEBUG  - Returning cached instance of singleton bean 'CalculationServiceConsumer'
01:24:38,237 DEBUG  - Inside doRPNevaluation
01:24:38,238 DEBUG  - result:::-4.0
01:24:38,239 DEBUG  - result===-4
01:24:38,242 DEBUG  - inside testAddtionwithCorrectValue
01:24:38,242  INFO  - Refreshing org.springframework.context.support.ClassPathXmlApplicationContext@1568fb5: display name [org.springframework.context.support.ClassPathXmlApplicationContext@1568fb5]; startup date [Wed Aug 06 01:24:38 IST 2014]; root of context hierarchy
01:24:38,243  INFO  - Loading XML bean definitions from class path resource [SpringBeans.xml]
01:24:38,244 DEBUG  - Using JAXP provider [com.sun.org.apache.xerces.internal.jaxp.DocumentBuilderFactoryImpl]
01:24:38,248 DEBUG  - Loading schema mappings from [META-INF/spring.schemas]
01:24:38,249 DEBUG  - Loaded schema mappings: {http://www.springframework.org/schema/lang/spring-lang-2.5.xsd=org/springframework/scripting/config/spring-lang-2.5.xsd, http://www.springframework.org/schema/lang/spring-lang.xsd=org/springframework/scripting/config/spring-lang-2.5.xsd, http://www.springframework.org/schema/context/spring-context-2.5.xsd=org/springframework/context/config/spring-context-2.5.xsd, http://www.springframework.org/schema/jms/spring-jms-2.5.xsd=org/springframework/jms/config/spring-jms-2.5.xsd, http://www.springframework.org/schema/context/spring-context.xsd=org/springframework/context/config/spring-context-2.5.xsd, http://www.springframework.org/schema/aop/spring-aop.xsd=org/springframework/aop/config/spring-aop-2.5.xsd, http://www.springframework.org/schema/util/spring-util-2.0.xsd=org/springframework/beans/factory/xml/spring-util-2.0.xsd, http://www.springframework.org/schema/util/spring-util-2.5.xsd=org/springframework/beans/factory/xml/spring-util-2.5.xsd, http://www.springframework.org/schema/tool/spring-tool-2.0.xsd=org/springframework/beans/factory/xml/spring-tool-2.0.xsd, http://www.springframework.org/schema/tx/spring-tx-2.0.xsd=org/springframework/transaction/config/spring-tx-2.0.xsd, http://www.springframework.org/schema/tool/spring-tool-2.5.xsd=org/springframework/beans/factory/xml/spring-tool-2.5.xsd, http://www.springframework.org/schema/tx/spring-tx-2.5.xsd=org/springframework/transaction/config/spring-tx-2.5.xsd, http://www.springframework.org/schema/beans/spring-beans-2.0.xsd=org/springframework/beans/factory/xml/spring-beans-2.0.xsd, http://www.springframework.org/schema/jms/spring-jms.xsd=org/springframework/jms/config/spring-jms-2.5.xsd, http://www.springframework.org/schema/beans/spring-beans-2.5.xsd=org/springframework/beans/factory/xml/spring-beans-2.5.xsd, http://www.springframework.org/schema/beans/spring-beans.xsd=org/springframework/beans/factory/xml/spring-beans-2.5.xsd, http://www.springframework.org/schema/jee/spring-jee.xsd=org/springframework/ejb/config/spring-jee-2.5.xsd, http://www.springframework.org/schema/tool/spring-tool.xsd=org/springframework/beans/factory/xml/spring-tool-2.5.xsd, http://www.springframework.org/schema/tx/spring-tx.xsd=org/springframework/transaction/config/spring-tx-2.5.xsd, http://www.springframework.org/schema/jee/spring-jee-2.0.xsd=org/springframework/ejb/config/spring-jee-2.0.xsd, http://www.springframework.org/schema/aop/spring-aop-2.0.xsd=org/springframework/aop/config/spring-aop-2.0.xsd, http://www.springframework.org/schema/aop/spring-aop-2.5.xsd=org/springframework/aop/config/spring-aop-2.5.xsd, http://www.springframework.org/schema/jee/spring-jee-2.5.xsd=org/springframework/ejb/config/spring-jee-2.5.xsd, http://www.springframework.org/schema/lang/spring-lang-2.0.xsd=org/springframework/scripting/config/spring-lang-2.0.xsd, http://www.springframework.org/schema/util/spring-util.xsd=org/springframework/beans/factory/xml/spring-util-2.5.xsd}
01:24:38,250 DEBUG  - Found XML schema [http://www.springframework.org/schema/beans/spring-beans-2.5.xsd] in classpath: org/springframework/beans/factory/xml/spring-beans-2.5.xsd
01:24:38,272 DEBUG  - Loading bean definitions
01:24:38,273 DEBUG  - Loaded 2 bean definitions from location pattern [SpringBeans.xml]
01:24:38,273  INFO  - Bean factory for application context [org.springframework.context.support.ClassPathXmlApplicationContext@1568fb5]: org.springframework.beans.factory.support.DefaultListableBeanFactory@70be88
01:24:38,273 DEBUG  - 2 beans defined in org.springframework.context.support.ClassPathXmlApplicationContext@1568fb5: display name [org.springframework.context.support.ClassPathXmlApplicationContext@1568fb5]; startup date [Wed Aug 06 01:24:38 IST 2014]; root of context hierarchy
01:24:38,274 DEBUG  - Unable to locate MessageSource with name 'messageSource': using default [org.springframework.context.support.DelegatingMessageSource@199939]
01:24:38,274 DEBUG  - Unable to locate ApplicationEventMulticaster with name 'applicationEventMulticaster': using default [org.springframework.context.event.SimpleApplicationEventMulticaster@9a9b65]
01:24:38,275  INFO  - Pre-instantiating singletons in org.springframework.beans.factory.support.DefaultListableBeanFactory@70be88: defining beans [CalculationServiceConsumer,RPNEvaluator]; root of factory hierarchy
01:24:38,276 DEBUG  - Creating shared instance of singleton bean 'CalculationServiceConsumer'
01:24:38,276 DEBUG  - Creating instance of bean 'CalculationServiceConsumer'
01:24:38,276 DEBUG  - Eagerly caching bean 'CalculationServiceConsumer' to allow for resolving potential circular references
01:24:38,276 DEBUG  - Creating shared instance of singleton bean 'RPNEvaluator'
01:24:38,276 DEBUG  - Creating instance of bean 'RPNEvaluator'
01:24:38,276 DEBUG  - Eagerly caching bean 'RPNEvaluator' to allow for resolving potential circular references
01:24:38,276 DEBUG  - Finished creating instance of bean 'RPNEvaluator'
01:24:38,276 DEBUG  - Finished creating instance of bean 'CalculationServiceConsumer'
01:24:38,276 DEBUG  - Returning cached instance of singleton bean 'RPNEvaluator'
01:24:38,276 DEBUG  - Returning cached instance of singleton bean 'CalculationServiceConsumer'
01:24:38,276 DEBUG  - Inside doRPNevaluation
01:24:38,277 DEBUG  - result:::-4.0
01:24:38,277 DEBUG  - result===-4
01:24:38,278 DEBUG  - inside testAddtionwithCorrectValue
01:24:38,278  INFO  - Refreshing org.springframework.context.support.ClassPathXmlApplicationContext@1d98a: display name [org.springframework.context.support.ClassPathXmlApplicationContext@1d98a]; startup date [Wed Aug 06 01:24:38 IST 2014]; root of context hierarchy
01:24:38,278  INFO  - Loading XML bean definitions from class path resource [SpringBeans.xml]
01:24:38,280 DEBUG  - Using JAXP provider [com.sun.org.apache.xerces.internal.jaxp.DocumentBuilderFactoryImpl]
01:24:38,281 DEBUG  - Loading schema mappings from [META-INF/spring.schemas]
01:24:38,282 DEBUG  - Loaded schema mappings: {http://www.springframework.org/schema/lang/spring-lang-2.5.xsd=org/springframework/scripting/config/spring-lang-2.5.xsd, http://www.springframework.org/schema/lang/spring-lang.xsd=org/springframework/scripting/config/spring-lang-2.5.xsd, http://www.springframework.org/schema/context/spring-context-2.5.xsd=org/springframework/context/config/spring-context-2.5.xsd, http://www.springframework.org/schema/jms/spring-jms-2.5.xsd=org/springframework/jms/config/spring-jms-2.5.xsd, http://www.springframework.org/schema/context/spring-context.xsd=org/springframework/context/config/spring-context-2.5.xsd, http://www.springframework.org/schema/aop/spring-aop.xsd=org/springframework/aop/config/spring-aop-2.5.xsd, http://www.springframework.org/schema/util/spring-util-2.0.xsd=org/springframework/beans/factory/xml/spring-util-2.0.xsd, http://www.springframework.org/schema/util/spring-util-2.5.xsd=org/springframework/beans/factory/xml/spring-util-2.5.xsd, http://www.springframework.org/schema/tool/spring-tool-2.0.xsd=org/springframework/beans/factory/xml/spring-tool-2.0.xsd, http://www.springframework.org/schema/tx/spring-tx-2.0.xsd=org/springframework/transaction/config/spring-tx-2.0.xsd, http://www.springframework.org/schema/tool/spring-tool-2.5.xsd=org/springframework/beans/factory/xml/spring-tool-2.5.xsd, http://www.springframework.org/schema/tx/spring-tx-2.5.xsd=org/springframework/transaction/config/spring-tx-2.5.xsd, http://www.springframework.org/schema/beans/spring-beans-2.0.xsd=org/springframework/beans/factory/xml/spring-beans-2.0.xsd, http://www.springframework.org/schema/jms/spring-jms.xsd=org/springframework/jms/config/spring-jms-2.5.xsd, http://www.springframework.org/schema/beans/spring-beans-2.5.xsd=org/springframework/beans/factory/xml/spring-beans-2.5.xsd, http://www.springframework.org/schema/beans/spring-beans.xsd=org/springframework/beans/factory/xml/spring-beans-2.5.xsd, http://www.springframework.org/schema/jee/spring-jee.xsd=org/springframework/ejb/config/spring-jee-2.5.xsd, http://www.springframework.org/schema/tool/spring-tool.xsd=org/springframework/beans/factory/xml/spring-tool-2.5.xsd, http://www.springframework.org/schema/tx/spring-tx.xsd=org/springframework/transaction/config/spring-tx-2.5.xsd, http://www.springframework.org/schema/jee/spring-jee-2.0.xsd=org/springframework/ejb/config/spring-jee-2.0.xsd, http://www.springframework.org/schema/aop/spring-aop-2.0.xsd=org/springframework/aop/config/spring-aop-2.0.xsd, http://www.springframework.org/schema/aop/spring-aop-2.5.xsd=org/springframework/aop/config/spring-aop-2.5.xsd, http://www.springframework.org/schema/jee/spring-jee-2.5.xsd=org/springframework/ejb/config/spring-jee-2.5.xsd, http://www.springframework.org/schema/lang/spring-lang-2.0.xsd=org/springframework/scripting/config/spring-lang-2.0.xsd, http://www.springframework.org/schema/util/spring-util.xsd=org/springframework/beans/factory/xml/spring-util-2.5.xsd}
01:24:38,282 DEBUG  - Found XML schema [http://www.springframework.org/schema/beans/spring-beans-2.5.xsd] in classpath: org/springframework/beans/factory/xml/spring-beans-2.5.xsd
01:24:38,300 DEBUG  - Loading bean definitions
01:24:38,302 DEBUG  - Loaded 2 bean definitions from location pattern [SpringBeans.xml]
01:24:38,302  INFO  - Bean factory for application context [org.springframework.context.support.ClassPathXmlApplicationContext@1d98a]: org.springframework.beans.factory.support.DefaultListableBeanFactory@23f1bb
01:24:38,302 DEBUG  - 2 beans defined in org.springframework.context.support.ClassPathXmlApplicationContext@1d98a: display name [org.springframework.context.support.ClassPathXmlApplicationContext@1d98a]; startup date [Wed Aug 06 01:24:38 IST 2014]; root of context hierarchy
01:24:38,302 DEBUG  - Unable to locate MessageSource with name 'messageSource': using default [org.springframework.context.support.DelegatingMessageSource@a0864f]
01:24:38,302 DEBUG  - Unable to locate ApplicationEventMulticaster with name 'applicationEventMulticaster': using default [org.springframework.context.event.SimpleApplicationEventMulticaster@d1e233]
01:24:38,303  INFO  - Pre-instantiating singletons in org.springframework.beans.factory.support.DefaultListableBeanFactory@23f1bb: defining beans [CalculationServiceConsumer,RPNEvaluator]; root of factory hierarchy
01:24:38,303 DEBUG  - Creating shared instance of singleton bean 'CalculationServiceConsumer'
01:24:38,303 DEBUG  - Creating instance of bean 'CalculationServiceConsumer'
01:24:38,303 DEBUG  - Eagerly caching bean 'CalculationServiceConsumer' to allow for resolving potential circular references
01:24:38,303 DEBUG  - Creating shared instance of singleton bean 'RPNEvaluator'
01:24:38,303 DEBUG  - Creating instance of bean 'RPNEvaluator'
01:24:38,303 DEBUG  - Eagerly caching bean 'RPNEvaluator' to allow for resolving potential circular references
01:24:38,303 DEBUG  - Finished creating instance of bean 'RPNEvaluator'
01:24:38,304 DEBUG  - Finished creating instance of bean 'CalculationServiceConsumer'
01:24:38,304 DEBUG  - Returning cached instance of singleton bean 'RPNEvaluator'
01:24:38,304 DEBUG  - Returning cached instance of singleton bean 'CalculationServiceConsumer'
01:24:38,304 DEBUG  - Inside doRPNevaluation
01:24:38,304 DEBUG  - Invalid Expression
